<?xml version="1.0" encoding="UTF-8"?>
<testng-results skipped="0" failed="0" ignored="0" total="1" passed="1">
  <reporter-output>
  </reporter-output>
  <suite name="Default suite" duration-ms="15402" started-at="2020-05-31T07:37:21Z" finished-at="2020-05-31T07:37:37Z">
    <groups>
    </groups>
    <test name="Default test" duration-ms="15402" started-at="2020-05-31T07:37:21Z" finished-at="2020-05-31T07:37:37Z">
      <class name="com.ap.testcases.CryptoTest">
        <test-method status="PASS" signature="setupDriver()[pri:0, instance:com.ap.testcases.CryptoTest@77caeb3e]" name="setupDriver" is-config="true" duration-ms="8273" started-at="2020-05-31T03:37:21Z" finished-at="2020-05-31T03:37:29Z">
          <reporter-output>
          </reporter-output>
        </test-method> <!-- setupDriver -->
        <test-method status="PASS" signature="CryptoCurrencyPage()[pri:1, instance:com.ap.testcases.CryptoTest@77caeb3e]" name="CryptoCurrencyPage" duration-ms="7092" started-at="2020-05-31T03:37:29Z" finished-at="2020-05-31T03:37:37Z">
          <reporter-output>
          </reporter-output>
        </test-method> <!-- CryptoCurrencyPage -->
      </class> <!-- com.ap.testcases.CryptoTest -->
    </test> <!-- Default test -->
  </suite> <!-- Default suite -->
</testng-results>
